c:\nix_labn2\win_labn1\x64\debug\vc143.pdb
c:\nix_labn2\win_labn1\x64\debug\vc143.idb
c:\nix_labn2\win_labn1\x64\debug\sourcefile.obj
c:\nix_labn2\win_labn1\x64\debug\programunit.obj
c:\nix_labn2\win_labn1\x64\debug\myparser.obj
c:\nix_labn2\win_labn1\x64\debug\custom_langparser.obj
c:\nix_labn2\win_labn1\x64\debug\custom_langlexer.obj
c:\nix_labn2\win_labn1\x64\debug\cfg.obj
c:\nix_labn2\win_labn1\x64\debug\ast.obj
c:\nix_labn2\win_labn1\x64\debug\array.obj
c:\nix_labn2\win_labn1\x64\debug\main.obj
c:\nix_labn2\win_labn1\x64\debug\flowgraphbuilder.obj
c:\nix_labn2\win_labn1\x64\debug\array.nativecodeanalysis.xml
c:\nix_labn2\win_labn1\x64\debug\ast.nativecodeanalysis.xml
c:\nix_labn2\win_labn1\x64\debug\cfg.nativecodeanalysis.xml
c:\nix_labn2\win_labn1\x64\debug\custom_langlexer.nativecodeanalysis.xml
c:\nix_labn2\win_labn1\x64\debug\custom_langparser.nativecodeanalysis.xml
c:\nix_labn2\win_labn1\x64\debug\myparser.nativecodeanalysis.xml
c:\nix_labn2\win_labn1\x64\debug\programunit.nativecodeanalysis.xml
c:\nix_labn2\win_labn1\x64\debug\sourcefile.nativecodeanalysis.xml
c:\nix_labn2\x64\debug\win_labn2.pdb
c:\nix_labn2\win_labn1\x64\debug\win_labn2.tlog\cl.command.1.tlog
c:\nix_labn2\win_labn1\x64\debug\win_labn2.tlog\cl.read.1.tlog
c:\nix_labn2\win_labn1\x64\debug\win_labn2.tlog\cl.write.1.tlog
c:\nix_labn2\win_labn1\x64\debug\win_labn2.tlog\link.17892.read.1.tlog
c:\nix_labn2\win_labn1\x64\debug\win_labn2.tlog\link.17892.write.1.tlog
c:\nix_labn2\win_labn1\x64\debug\win_labn2.tlog\link.1940.read.1.tlog
c:\nix_labn2\win_labn1\x64\debug\win_labn2.tlog\link.1940.write.1.tlog
c:\nix_labn2\win_labn1\x64\debug\win_labn2.tlog\link.22224.read.1.tlog
c:\nix_labn2\win_labn1\x64\debug\win_labn2.tlog\link.22224.write.1.tlog
c:\nix_labn2\win_labn1\x64\debug\win_labn2.tlog\link.8512.read.1.tlog
c:\nix_labn2\win_labn1\x64\debug\win_labn2.tlog\link.8512.write.1.tlog
c:\nix_labn2\win_labn1\x64\debug\win_labn2.tlog\link.command.1.tlog
c:\nix_labn2\win_labn1\x64\debug\win_labn2.tlog\link.read.1.tlog
c:\nix_labn2\win_labn1\x64\debug\win_labn2.tlog\link.read.2.tlog
c:\nix_labn2\win_labn1\x64\debug\win_labn2.tlog\link.write.1.tlog
