Сборка начата 11.11.2024 19:46:02.
Уровень детализации журнала: Normal.     1>Проект "C:\antlr3\Nix_LabN1\Nix_LabN1\Nix_LabN1.vcxproj" в узле 2 (целевые объекты Rebuild).
     1>_ValidateSources:
         Проверка исходных файлов
       _CopySources:
         Удаленное копирование исходных файлов в "127.0.0.1"
         Копирование файла "C:\antlr3\Nix_LabN1\Nix_LabN1\src\Array.c" в "/home/user/projects/Nix_LabN1/src/Array.c"
         Копирование файла "C:\antlr3\Nix_LabN1\Nix_LabN1\src\ast.c" в "/home/user/projects/Nix_LabN1/src/ast.c"
         Копирование файла "C:\antlr3\Nix_LabN1\Nix_LabN1\src\custom_langLexer.c" в "/home/user/projects/Nix_LabN1/src/custom_langLexer.c"
         Копирование файла "C:\antlr3\Nix_LabN1\Nix_LabN1\src\custom_langParser.c" в "/home/user/projects/Nix_LabN1/src/custom_langParser.c"
         Копирование файла "C:\antlr3\Nix_LabN1\Nix_LabN1\src\main.c" в "/home/user/projects/Nix_LabN1/src/main.c"
         Копирование файла "C:\antlr3\Nix_LabN1\Nix_LabN1\src\myParser.c" в "/home/user/projects/Nix_LabN1/src/myParser.c"
         Копирование файла "C:\antlr3\Nix_LabN1\Nix_LabN1\libantlr3c-3.4\include\antlr3.h" в "/home/user/projects/Nix_LabN1/libantlr3c-3.4/include/antlr3.h"
         Копирование файла "C:\antlr3\Nix_LabN1\Nix_LabN1\libantlr3c-3.4\include\antlr3baserecognizer.h" в "/home/user/projects/Nix_LabN1/libantlr3c-3.4/include/antlr3baserecognizer.h"
         Копирование файла "C:\antlr3\Nix_LabN1\Nix_LabN1\libantlr3c-3.4\include\antlr3basetree.h" в "/home/user/projects/Nix_LabN1/libantlr3c-3.4/include/antlr3basetree.h"
         Копирование файла "C:\antlr3\Nix_LabN1\Nix_LabN1\libantlr3c-3.4\include\antlr3basetreeadaptor.h" в "/home/user/projects/Nix_LabN1/libantlr3c-3.4/include/antlr3basetreeadaptor.h"
         Копирование файла "C:\antlr3\Nix_LabN1\Nix_LabN1\libantlr3c-3.4\include\antlr3bitset.h" в "/home/user/projects/Nix_LabN1/libantlr3c-3.4/include/antlr3bitset.h"
         Копирование файла "C:\antlr3\Nix_LabN1\Nix_LabN1\libantlr3c-3.4\include\antlr3collections.h" в "/home/user/projects/Nix_LabN1/libantlr3c-3.4/include/antlr3collections.h"
         Копирование файла "C:\antlr3\Nix_LabN1\Nix_LabN1\libantlr3c-3.4\include\antlr3commontoken.h" в "/home/user/projects/Nix_LabN1/libantlr3c-3.4/include/antlr3commontoken.h"
         Копирование файла "C:\antlr3\Nix_LabN1\Nix_LabN1\libantlr3c-3.4\include\antlr3commontree.h" в "/home/user/projects/Nix_LabN1/libantlr3c-3.4/include/antlr3commontree.h"
         Копирование файла "C:\antlr3\Nix_LabN1\Nix_LabN1\libantlr3c-3.4\include\antlr3commontreeadaptor.h" в "/home/user/projects/Nix_LabN1/libantlr3c-3.4/include/antlr3commontreeadaptor.h"
         Копирование файла "C:\antlr3\Nix_LabN1\Nix_LabN1\libantlr3c-3.4\include\antlr3commontreenodestream.h" в "/home/user/projects/Nix_LabN1/libantlr3c-3.4/include/antlr3commontreenodestream.h"
         Копирование файла "C:\antlr3\Nix_LabN1\Nix_LabN1\libantlr3c-3.4\include\antlr3config.h" в "/home/user/projects/Nix_LabN1/libantlr3c-3.4/include/antlr3config.h"
         Копирование файла "C:\antlr3\Nix_LabN1\Nix_LabN1\libantlr3c-3.4\include\antlr3convertutf.h" в "/home/user/projects/Nix_LabN1/libantlr3c-3.4/include/antlr3convertutf.h"
         Копирование файла "C:\antlr3\Nix_LabN1\Nix_LabN1\libantlr3c-3.4\include\antlr3cyclicdfa.h" в "/home/user/projects/Nix_LabN1/libantlr3c-3.4/include/antlr3cyclicdfa.h"
         Копирование файла "C:\antlr3\Nix_LabN1\Nix_LabN1\libantlr3c-3.4\include\antlr3debugeventlistener.h" в "/home/user/projects/Nix_LabN1/libantlr3c-3.4/include/antlr3debugeventlistener.h"
         Копирование файла "C:\antlr3\Nix_LabN1\Nix_LabN1\libantlr3c-3.4\include\antlr3defs.h" в "/home/user/projects/Nix_LabN1/libantlr3c-3.4/include/antlr3defs.h"
         Копирование файла "C:\antlr3\Nix_LabN1\Nix_LabN1\libantlr3c-3.4\include\antlr3encodings.h" в "/home/user/projects/Nix_LabN1/libantlr3c-3.4/include/antlr3encodings.h"
         Копирование файла "C:\antlr3\Nix_LabN1\Nix_LabN1\libantlr3c-3.4\include\antlr3errors.h" в "/home/user/projects/Nix_LabN1/libantlr3c-3.4/include/antlr3errors.h"
         Копирование файла "C:\antlr3\Nix_LabN1\Nix_LabN1\libantlr3c-3.4\include\antlr3exception.h" в "/home/user/projects/Nix_LabN1/libantlr3c-3.4/include/antlr3exception.h"
         Копирование файла "C:\antlr3\Nix_LabN1\Nix_LabN1\libantlr3c-3.4\include\antlr3filestream.h" в "/home/user/projects/Nix_LabN1/libantlr3c-3.4/include/antlr3filestream.h"
         Копирование файла "C:\antlr3\Nix_LabN1\Nix_LabN1\libantlr3c-3.4\include\antlr3input.h" в "/home/user/projects/Nix_LabN1/libantlr3c-3.4/include/antlr3input.h"
         Копирование файла "C:\antlr3\Nix_LabN1\Nix_LabN1\libantlr3c-3.4\include\antlr3interfaces.h" в "/home/user/projects/Nix_LabN1/libantlr3c-3.4/include/antlr3interfaces.h"
         Копирование файла "C:\antlr3\Nix_LabN1\Nix_LabN1\libantlr3c-3.4\include\antlr3intstream.h" в "/home/user/projects/Nix_LabN1/libantlr3c-3.4/include/antlr3intstream.h"
         Копирование файла "C:\antlr3\Nix_LabN1\Nix_LabN1\libantlr3c-3.4\include\antlr3lexer.h" в "/home/user/projects/Nix_LabN1/libantlr3c-3.4/include/antlr3lexer.h"
         Копирование файла "C:\antlr3\Nix_LabN1\Nix_LabN1\libantlr3c-3.4\include\antlr3memory.h" в "/home/user/projects/Nix_LabN1/libantlr3c-3.4/include/antlr3memory.h"
         Копирование файла "C:\antlr3\Nix_LabN1\Nix_LabN1\libantlr3c-3.4\include\antlr3parser.h" в "/home/user/projects/Nix_LabN1/libantlr3c-3.4/include/antlr3parser.h"
         Копирование файла "C:\antlr3\Nix_LabN1\Nix_LabN1\libantlr3c-3.4\include\antlr3parsetree.h" в "/home/user/projects/Nix_LabN1/libantlr3c-3.4/include/antlr3parsetree.h"
         Копирование файла "C:\antlr3\Nix_LabN1\Nix_LabN1\libantlr3c-3.4\include\antlr3recognizersharedstate.h" в "/home/user/projects/Nix_LabN1/libantlr3c-3.4/include/antlr3recognizersharedstate.h"
         Копирование файла "C:\antlr3\Nix_LabN1\Nix_LabN1\libantlr3c-3.4\include\antlr3rewritestreams.h" в "/home/user/projects/Nix_LabN1/libantlr3c-3.4/include/antlr3rewritestreams.h"
         Копирование файла "C:\antlr3\Nix_LabN1\Nix_LabN1\libantlr3c-3.4\include\antlr3string.h" в "/home/user/projects/Nix_LabN1/libantlr3c-3.4/include/antlr3string.h"
         Копирование файла "C:\antlr3\Nix_LabN1\Nix_LabN1\libantlr3c-3.4\include\antlr3tokenstream.h" в "/home/user/projects/Nix_LabN1/libantlr3c-3.4/include/antlr3tokenstream.h"
         Копирование файла "C:\antlr3\Nix_LabN1\Nix_LabN1\libantlr3c-3.4\include\antlr3treeparser.h" в "/home/user/projects/Nix_LabN1/libantlr3c-3.4/include/antlr3treeparser.h"
         Копирование файла "C:\antlr3\Nix_LabN1\Nix_LabN1\libxml2-vc140-static-32_64.2.9.4.1\lib\native\include\libxml\c14n.h" в "/home/user/projects/Nix_LabN1/libxml2-vc140-static-32_64.2.9.4.1/lib/native/include/libxml/c14n.h"
         Копирование файла "C:\antlr3\Nix_LabN1\Nix_LabN1\libxml2-vc140-static-32_64.2.9.4.1\lib\native\include\libxml\catalog.h" в "/home/user/projects/Nix_LabN1/libxml2-vc140-static-32_64.2.9.4.1/lib/native/include/libxml/catalog.h"
         Копирование файла "C:\antlr3\Nix_LabN1\Nix_LabN1\libxml2-vc140-static-32_64.2.9.4.1\lib\native\include\libxml\chvalid.h" в "/home/user/projects/Nix_LabN1/libxml2-vc140-static-32_64.2.9.4.1/lib/native/include/libxml/chvalid.h"
         Копирование файла "C:\antlr3\Nix_LabN1\Nix_LabN1\libxml2-vc140-static-32_64.2.9.4.1\lib\native\include\libxml\debugXML.h" в "/home/user/projects/Nix_LabN1/libxml2-vc140-static-32_64.2.9.4.1/lib/native/include/libxml/debugXML.h"
         Копирование файла "C:\antlr3\Nix_LabN1\Nix_LabN1\libxml2-vc140-static-32_64.2.9.4.1\lib\native\include\libxml\dict.h" в "/home/user/projects/Nix_LabN1/libxml2-vc140-static-32_64.2.9.4.1/lib/native/include/libxml/dict.h"
         Копирование файла "C:\antlr3\Nix_LabN1\Nix_LabN1\libxml2-vc140-static-32_64.2.9.4.1\lib\native\include\libxml\DOCBparser.h" в "/home/user/projects/Nix_LabN1/libxml2-vc140-static-32_64.2.9.4.1/lib/native/include/libxml/DOCBparser.h"
         Копирование файла "C:\antlr3\Nix_LabN1\Nix_LabN1\libxml2-vc140-static-32_64.2.9.4.1\lib\native\include\libxml\encoding.h" в "/home/user/projects/Nix_LabN1/libxml2-vc140-static-32_64.2.9.4.1/lib/native/include/libxml/encoding.h"
         Копирование файла "C:\antlr3\Nix_LabN1\Nix_LabN1\libxml2-vc140-static-32_64.2.9.4.1\lib\native\include\libxml\entities.h" в "/home/user/projects/Nix_LabN1/libxml2-vc140-static-32_64.2.9.4.1/lib/native/include/libxml/entities.h"
         Копирование файла "C:\antlr3\Nix_LabN1\Nix_LabN1\libxml2-vc140-static-32_64.2.9.4.1\lib\native\include\libxml\globals.h" в "/home/user/projects/Nix_LabN1/libxml2-vc140-static-32_64.2.9.4.1/lib/native/include/libxml/globals.h"
         Копирование файла "C:\antlr3\Nix_LabN1\Nix_LabN1\libxml2-vc140-static-32_64.2.9.4.1\lib\native\include\libxml\hash.h" в "/home/user/projects/Nix_LabN1/libxml2-vc140-static-32_64.2.9.4.1/lib/native/include/libxml/hash.h"
         Копирование файла "C:\antlr3\Nix_LabN1\Nix_LabN1\libxml2-vc140-static-32_64.2.9.4.1\lib\native\include\libxml\HTMLparser.h" в "/home/user/projects/Nix_LabN1/libxml2-vc140-static-32_64.2.9.4.1/lib/native/include/libxml/HTMLparser.h"
         Копирование файла "C:\antlr3\Nix_LabN1\Nix_LabN1\libxml2-vc140-static-32_64.2.9.4.1\lib\native\include\libxml\HTMLtree.h" в "/home/user/projects/Nix_LabN1/libxml2-vc140-static-32_64.2.9.4.1/lib/native/include/libxml/HTMLtree.h"
         Копирование файла "C:\antlr3\Nix_LabN1\Nix_LabN1\libxml2-vc140-static-32_64.2.9.4.1\lib\native\include\libxml\list.h" в "/home/user/projects/Nix_LabN1/libxml2-vc140-static-32_64.2.9.4.1/lib/native/include/libxml/list.h"
         Копирование файла "C:\antlr3\Nix_LabN1\Nix_LabN1\libxml2-vc140-static-32_64.2.9.4.1\lib\native\include\libxml\nanoftp.h" в "/home/user/projects/Nix_LabN1/libxml2-vc140-static-32_64.2.9.4.1/lib/native/include/libxml/nanoftp.h"
         Копирование файла "C:\antlr3\Nix_LabN1\Nix_LabN1\libxml2-vc140-static-32_64.2.9.4.1\lib\native\include\libxml\nanohttp.h" в "/home/user/projects/Nix_LabN1/libxml2-vc140-static-32_64.2.9.4.1/lib/native/include/libxml/nanohttp.h"
         Копирование файла "C:\antlr3\Nix_LabN1\Nix_LabN1\libxml2-vc140-static-32_64.2.9.4.1\lib\native\include\libxml\parser.h" в "/home/user/projects/Nix_LabN1/libxml2-vc140-static-32_64.2.9.4.1/lib/native/include/libxml/parser.h"
         Копирование файла "C:\antlr3\Nix_LabN1\Nix_LabN1\libxml2-vc140-static-32_64.2.9.4.1\lib\native\include\libxml\parserInternals.h" в "/home/user/projects/Nix_LabN1/libxml2-vc140-static-32_64.2.9.4.1/lib/native/include/libxml/parserInternals.h"
         Копирование файла "C:\antlr3\Nix_LabN1\Nix_LabN1\libxml2-vc140-static-32_64.2.9.4.1\lib\native\include\libxml\pattern.h" в "/home/user/projects/Nix_LabN1/libxml2-vc140-static-32_64.2.9.4.1/lib/native/include/libxml/pattern.h"
         Копирование файла "C:\antlr3\Nix_LabN1\Nix_LabN1\libxml2-vc140-static-32_64.2.9.4.1\lib\native\include\libxml\relaxng.h" в "/home/user/projects/Nix_LabN1/libxml2-vc140-static-32_64.2.9.4.1/lib/native/include/libxml/relaxng.h"
         Копирование файла "C:\antlr3\Nix_LabN1\Nix_LabN1\libxml2-vc140-static-32_64.2.9.4.1\lib\native\include\libxml\SAX.h" в "/home/user/projects/Nix_LabN1/libxml2-vc140-static-32_64.2.9.4.1/lib/native/include/libxml/SAX.h"
         Копирование файла "C:\antlr3\Nix_LabN1\Nix_LabN1\libxml2-vc140-static-32_64.2.9.4.1\lib\native\include\libxml\SAX2.h" в "/home/user/projects/Nix_LabN1/libxml2-vc140-static-32_64.2.9.4.1/lib/native/include/libxml/SAX2.h"
         Копирование файла "C:\antlr3\Nix_LabN1\Nix_LabN1\libxml2-vc140-static-32_64.2.9.4.1\lib\native\include\libxml\schemasInternals.h" в "/home/user/projects/Nix_LabN1/libxml2-vc140-static-32_64.2.9.4.1/lib/native/include/libxml/schemasInternals.h"
         Копирование файла "C:\antlr3\Nix_LabN1\Nix_LabN1\libxml2-vc140-static-32_64.2.9.4.1\lib\native\include\libxml\schematron.h" в "/home/user/projects/Nix_LabN1/libxml2-vc140-static-32_64.2.9.4.1/lib/native/include/libxml/schematron.h"
         Копирование файла "C:\antlr3\Nix_LabN1\Nix_LabN1\libxml2-vc140-static-32_64.2.9.4.1\lib\native\include\libxml\threads.h" в "/home/user/projects/Nix_LabN1/libxml2-vc140-static-32_64.2.9.4.1/lib/native/include/libxml/threads.h"
         Копирование файла "C:\antlr3\Nix_LabN1\Nix_LabN1\libxml2-vc140-static-32_64.2.9.4.1\lib\native\include\libxml\tree.h" в "/home/user/projects/Nix_LabN1/libxml2-vc140-static-32_64.2.9.4.1/lib/native/include/libxml/tree.h"
         Копирование файла "C:\antlr3\Nix_LabN1\Nix_LabN1\libxml2-vc140-static-32_64.2.9.4.1\lib\native\include\libxml\uri.h" в "/home/user/projects/Nix_LabN1/libxml2-vc140-static-32_64.2.9.4.1/lib/native/include/libxml/uri.h"
         Копирование файла "C:\antlr3\Nix_LabN1\Nix_LabN1\libxml2-vc140-static-32_64.2.9.4.1\lib\native\include\libxml\valid.h" в "/home/user/projects/Nix_LabN1/libxml2-vc140-static-32_64.2.9.4.1/lib/native/include/libxml/valid.h"
         Копирование файла "C:\antlr3\Nix_LabN1\Nix_LabN1\libxml2-vc140-static-32_64.2.9.4.1\lib\native\include\libxml\xinclude.h" в "/home/user/projects/Nix_LabN1/libxml2-vc140-static-32_64.2.9.4.1/lib/native/include/libxml/xinclude.h"
         Копирование файла "C:\antlr3\Nix_LabN1\Nix_LabN1\libxml2-vc140-static-32_64.2.9.4.1\lib\native\include\libxml\xlink.h" в "/home/user/projects/Nix_LabN1/libxml2-vc140-static-32_64.2.9.4.1/lib/native/include/libxml/xlink.h"
         Копирование файла "C:\antlr3\Nix_LabN1\Nix_LabN1\libxml2-vc140-static-32_64.2.9.4.1\lib\native\include\libxml\xmlautomata.h" в "/home/user/projects/Nix_LabN1/libxml2-vc140-static-32_64.2.9.4.1/lib/native/include/libxml/xmlautomata.h"
         Копирование файла "C:\antlr3\Nix_LabN1\Nix_LabN1\libxml2-vc140-static-32_64.2.9.4.1\lib\native\include\libxml\xmlerror.h" в "/home/user/projects/Nix_LabN1/libxml2-vc140-static-32_64.2.9.4.1/lib/native/include/libxml/xmlerror.h"
         Копирование файла "C:\antlr3\Nix_LabN1\Nix_LabN1\libxml2-vc140-static-32_64.2.9.4.1\lib\native\include\libxml\xmlexports.h" в "/home/user/projects/Nix_LabN1/libxml2-vc140-static-32_64.2.9.4.1/lib/native/include/libxml/xmlexports.h"
         Копирование файла "C:\antlr3\Nix_LabN1\Nix_LabN1\libxml2-vc140-static-32_64.2.9.4.1\lib\native\include\libxml\xmlIO.h" в "/home/user/projects/Nix_LabN1/libxml2-vc140-static-32_64.2.9.4.1/lib/native/include/libxml/xmlIO.h"
         Копирование файла "C:\antlr3\Nix_LabN1\Nix_LabN1\libxml2-vc140-static-32_64.2.9.4.1\lib\native\include\libxml\xmlmemory.h" в "/home/user/projects/Nix_LabN1/libxml2-vc140-static-32_64.2.9.4.1/lib/native/include/libxml/xmlmemory.h"
         Копирование файла "C:\antlr3\Nix_LabN1\Nix_LabN1\libxml2-vc140-static-32_64.2.9.4.1\lib\native\include\libxml\xmlmodule.h" в "/home/user/projects/Nix_LabN1/libxml2-vc140-static-32_64.2.9.4.1/lib/native/include/libxml/xmlmodule.h"
         Копирование файла "C:\antlr3\Nix_LabN1\Nix_LabN1\libxml2-vc140-static-32_64.2.9.4.1\lib\native\include\libxml\xmlreader.h" в "/home/user/projects/Nix_LabN1/libxml2-vc140-static-32_64.2.9.4.1/lib/native/include/libxml/xmlreader.h"
         Копирование файла "C:\antlr3\Nix_LabN1\Nix_LabN1\libxml2-vc140-static-32_64.2.9.4.1\lib\native\include\libxml\xmlregexp.h" в "/home/user/projects/Nix_LabN1/libxml2-vc140-static-32_64.2.9.4.1/lib/native/include/libxml/xmlregexp.h"
         Копирование файла "C:\antlr3\Nix_LabN1\Nix_LabN1\libxml2-vc140-static-32_64.2.9.4.1\lib\native\include\libxml\xmlsave.h" в "/home/user/projects/Nix_LabN1/libxml2-vc140-static-32_64.2.9.4.1/lib/native/include/libxml/xmlsave.h"
         Копирование файла "C:\antlr3\Nix_LabN1\Nix_LabN1\libxml2-vc140-static-32_64.2.9.4.1\lib\native\include\libxml\xmlschemas.h" в "/home/user/projects/Nix_LabN1/libxml2-vc140-static-32_64.2.9.4.1/lib/native/include/libxml/xmlschemas.h"
         Копирование файла "C:\antlr3\Nix_LabN1\Nix_LabN1\libxml2-vc140-static-32_64.2.9.4.1\lib\native\include\libxml\xmlschemastypes.h" в "/home/user/projects/Nix_LabN1/libxml2-vc140-static-32_64.2.9.4.1/lib/native/include/libxml/xmlschemastypes.h"
         Копирование файла "C:\antlr3\Nix_LabN1\Nix_LabN1\libxml2-vc140-static-32_64.2.9.4.1\lib\native\include\libxml\xmlstring.h" в "/home/user/projects/Nix_LabN1/libxml2-vc140-static-32_64.2.9.4.1/lib/native/include/libxml/xmlstring.h"
         Копирование файла "C:\antlr3\Nix_LabN1\Nix_LabN1\libxml2-vc140-static-32_64.2.9.4.1\lib\native\include\libxml\xmlunicode.h" в "/home/user/projects/Nix_LabN1/libxml2-vc140-static-32_64.2.9.4.1/lib/native/include/libxml/xmlunicode.h"
         Копирование файла "C:\antlr3\Nix_LabN1\Nix_LabN1\libxml2-vc140-static-32_64.2.9.4.1\lib\native\include\libxml\xmlversion.h" в "/home/user/projects/Nix_LabN1/libxml2-vc140-static-32_64.2.9.4.1/lib/native/include/libxml/xmlversion.h"
         Копирование файла "C:\antlr3\Nix_LabN1\Nix_LabN1\libxml2-vc140-static-32_64.2.9.4.1\lib\native\include\libxml\xmlwin32version.h" в "/home/user/projects/Nix_LabN1/libxml2-vc140-static-32_64.2.9.4.1/lib/native/include/libxml/xmlwin32version.h"
         Копирование файла "C:\antlr3\Nix_LabN1\Nix_LabN1\libxml2-vc140-static-32_64.2.9.4.1\lib\native\include\libxml\xmlwriter.h" в "/home/user/projects/Nix_LabN1/libxml2-vc140-static-32_64.2.9.4.1/lib/native/include/libxml/xmlwriter.h"
         Копирование файла "C:\antlr3\Nix_LabN1\Nix_LabN1\libxml2-vc140-static-32_64.2.9.4.1\lib\native\include\libxml\xpath.h" в "/home/user/projects/Nix_LabN1/libxml2-vc140-static-32_64.2.9.4.1/lib/native/include/libxml/xpath.h"
         Копирование файла "C:\antlr3\Nix_LabN1\Nix_LabN1\libxml2-vc140-static-32_64.2.9.4.1\lib\native\include\libxml\xpathInternals.h" в "/home/user/projects/Nix_LabN1/libxml2-vc140-static-32_64.2.9.4.1/lib/native/include/libxml/xpathInternals.h"
         Копирование файла "C:\antlr3\Nix_LabN1\Nix_LabN1\libxml2-vc140-static-32_64.2.9.4.1\lib\native\include\libxml\xpointer.h" в "/home/user/projects/Nix_LabN1/libxml2-vc140-static-32_64.2.9.4.1/lib/native/include/libxml/xpointer.h"
         Копирование файла "C:\antlr3\Nix_LabN1\Nix_LabN1\libxml2-vc140-static-32_64.2.9.4.1\lib\native\include\win32config.h" в "/home/user/projects/Nix_LabN1/libxml2-vc140-static-32_64.2.9.4.1/lib/native/include/win32config.h"
         Копирование файла "C:\antlr3\Nix_LabN1\Nix_LabN1\libxml2-vc140-static-32_64.2.9.4.1\lib\native\include\wsockcompat.h" в "/home/user/projects/Nix_LabN1/libxml2-vc140-static-32_64.2.9.4.1/lib/native/include/wsockcompat.h"
         Копирование файла "C:\antlr3\Nix_LabN1\Nix_LabN1\src\Array.h" в "/home/user/projects/Nix_LabN1/src/Array.h"
         Копирование файла "C:\antlr3\Nix_LabN1\Nix_LabN1\src\ast.h" в "/home/user/projects/Nix_LabN1/src/ast.h"
         Копирование файла "C:\antlr3\Nix_LabN1\Nix_LabN1\src\custom_langLexer.h" в "/home/user/projects/Nix_LabN1/src/custom_langLexer.h"
         Копирование файла "C:\antlr3\Nix_LabN1\Nix_LabN1\src\custom_langParser.h" в "/home/user/projects/Nix_LabN1/src/custom_langParser.h"
         Копирование файла "C:\antlr3\Nix_LabN1\Nix_LabN1\src\myParser.h" в "/home/user/projects/Nix_LabN1/src/myParser.h"
         Копирование файла "C:\antlr3\Nix_LabN1\Nix_LabN1\libxml2-vc140-static-32_64.2.9.4.1\libxml2.so.2.9.14" в "/home/user/projects/Nix_LabN1/libxml2-vc140-static-32_64.2.9.4.1/libxml2.so.2.9.14"
         Копирование файла "C:\antlr3\Nix_LabN1\Nix_LabN1\makefile" в "/home/user/projects/Nix_LabN1/makefile"
         Копирование файла "C:\antlr3\Nix_LabN1\Nix_LabN1\output.dgml" в "/home/user/projects/Nix_LabN1/output.dgml"
         Копирование файла "C:\antlr3\Nix_LabN1\Nix_LabN1\packages.config" в "/home/user/projects/Nix_LabN1/packages.config"
         Копирование файла "C:\antlr3\Nix_LabN1\Nix_LabN1\src\custom_lang.tokens" в "/home/user/projects/Nix_LabN1/src/custom_lang.tokens"
         Копирование файла "C:\antlr3\Nix_LabN1\Nix_LabN1\libantlr3c-3.4\.libs\libantlr3c.a" в "/home/user/projects/Nix_LabN1/libantlr3c-3.4/.libs/libantlr3c.a"
         Копирование файла "C:\antlr3\Nix_LabN1\Nix_LabN1\input.txt" в "/home/user/projects/Nix_LabN1/input.txt"
       Rebuild:
         Команда повторной сборки не настроена, действие пропущено.
         Вызов "make rebuild", рабочий каталог: "/home/user/projects/Nix_LabN1/"
         [ -f ./app ] && rm ./app || echo 
         gcc -g -O0 -o ./app src/*.c \
          -I/home/user/projects/Nix_LabN1/libantlr3c-3.4/include -I/home/user/projects/Nix_LabN1/libxml2-vc140-static-32_64.2.9.4.1/lib/native/include \
          -Dsize_t=size_t \
          -L/home/user/projects/Nix_LabN1/libantlr3c-3.4/.libs -L/home/user/projects/Nix_LabN1/libxml2-vc140-static-32_64.2.9.4.1 \
          -lantlr3c \
          -l:libxml2.so.2.9.14
         
         In file included from src/custom_langLexer.c:46:
         src/custom_langLexer.h:650: warning: "ADD" redefined
           650 | #define ADD      4
               | 
         In file included from /usr/include/arpa/nameser.h:455,
                          from /home/user/projects/Nix_LabN1/libantlr3c-3.4/include/antlr3defs.h:311,
                          from /home/user/projects/Nix_LabN1/libantlr3c-3.4/include/antlr3.h:33,
                          from src/custom_langLexer.h:306:
         /usr/include/arpa/nameser_compat.h:121: note: this is the location of the previous definition
           121 | #define ADD             ns_uop_add
               | 
         src/custom_langLexer.c:221: warning: "CUSTOM" redefined
           221 | #define         CUSTOM                                  LEXSTATE->custom
               | 
         src/custom_langLexer.h:666: note: this is the location of the previous definition
           666 | #define CUSTOM      20
               | 
         src/custom_langLexer.c: In function ‘mCUSTOM’:
         src/custom_langLexer.c:2195:21: warning: assignment to ‘ANTLR3_UINT32’ {aka ‘unsigned int’} from ‘void *’ makes integer from pointer without a cast [-Wint-conversion]
          2195 |     _type           = CUSTOM;
               |                     ^
         
         In file included from src/custom_langParser.c:46:
         src/custom_langParser.h:869: warning: "ADD" redefined
           869 | #define ADD      4
               | 
         In file included from /usr/include/arpa/nameser.h:455,
                          from /home/user/projects/Nix_LabN1/libantlr3c-3.4/include/antlr3defs.h:311,
                          from /home/user/projects/Nix_LabN1/libantlr3c-3.4/include/antlr3.h:33,
                          from src/custom_langParser.h:179:
         /usr/include/arpa/nameser_compat.h:121: note: this is the location of the previous definition
           121 | #define ADD             ns_uop_add
               | 
         
         src/custom_langParser.c: In function ‘synpred23_custom_lang_fragment’:
         src/custom_langParser.c:15740:9: warning: useless type name in empty declaration
         15740 |         void ;
               |         ^~~~
         
         In file included from src/myParser.h:9,
                          from src/main.c:2:
         src/custom_langParser.h:869: warning: "ADD" redefined
           869 | #define ADD      4
               | 
         In file included from /usr/include/arpa/nameser.h:455,
                          from /home/user/projects/Nix_LabN1/libantlr3c-3.4/include/antlr3defs.h:311,
                          from /home/user/projects/Nix_LabN1/libantlr3c-3.4/include/antlr3.h:33,
                          from src/myParser.h:6:
         /usr/include/arpa/nameser_compat.h:121: note: this is the location of the previous definition
           121 | #define ADD             ns_uop_add
               | 
         
         In file included from src/myParser.h:9,
                          from src/myParser.c:1:
         src/custom_langParser.h:869: warning: "ADD" redefined
           869 | #define ADD      4
               | 
         In file included from /usr/include/arpa/nameser.h:455,
                          from /home/user/projects/Nix_LabN1/libantlr3c-3.4/include/antlr3defs.h:311,
                          from /home/user/projects/Nix_LabN1/libantlr3c-3.4/include/antlr3.h:33,
                          from src/myParser.h:6:
         /usr/include/arpa/nameser_compat.h:121: note: this is the location of the previous definition
           121 | #define ADD             ns_uop_add
               | 
         
         Копирование файла "/home/user/projects/Nix_LabN1/app" в "C:\antlr3\Nix_LabN1\Nix_LabN1\bin\x64\Debug\app"
     1>Сборка проекта "C:\antlr3\Nix_LabN1\Nix_LabN1\Nix_LabN1.vcxproj" завершена (целевые объекты Rebuild).

Сборка успешно завершена.
    Предупреждений: 0
    Ошибок: 0

Прошло времени 00:01:00.12
