  antlr3baserecognizer.c
  antlr3basetree.c
  antlr3basetreeadaptor.c
  antlr3bitset.c
  antlr3collections.c
  antlr3commontoken.c
  antlr3commontree.c
  antlr3commontreeadaptor.c
  antlr3commontreenodestream.c
  antlr3convertutf.c
  antlr3cyclicdfa.c
  antlr3debughandlers.c
  antlr3encodings.c
  antlr3exception.c
  antlr3filestream.c
  antlr3inputstream.c
  antlr3intstream.c
  antlr3lexer.c
  antlr3parser.c
  antlr3rewritestreams.c
  Создание кода...
  Компиляция...
  antlr3string.c
  antlr3tokenstream.c
  antlr3treeparser.c
  Создание кода...
C:\Program Files\Microsoft Visual Studio\2022\Community\MSBuild\Microsoft\VC\v170\Microsoft.CppBuild.targets(1554,5): warning MSB8012: TargetPath(C:\Users\TBG\source\repos\SPO_LAB2\Nix_LabN1\libantlr3c-3.4\x64\Debug\C.lib) не соответствует значению свойства выходного файла (C:\Users\TBG\source\repos\SPO_LAB2\Nix_LabN1\libantlr3c-3.4\x64\Debug\antlr3cd.lib) для Library. Это может привести к неправильной сборке проекта. Чтобы исправить это, убедитесь, что значения свойств $(OutDir), $(TargetName) и $(TargetExt) соответствуют значению, указанному в %(Lib.OutputFile).
C:\Program Files\Microsoft Visual Studio\2022\Community\MSBuild\Microsoft\VC\v170\Microsoft.CppBuild.targets(1556,5): warning MSB8012: TargetName(C) не соответствует значению свойства выходного файла (antlr3cd) для Library. Это может привести к неправильной сборке проекта. Чтобы исправить это, убедитесь, что значения свойств $(OutDir), $(TargetName) и $(TargetExt) соответствуют значению, указанному в %(Lib.OutputFile).
  C.vcxproj -> C:\Users\TBG\source\repos\SPO_LAB2\Nix_LabN1\libantlr3c-3.4\x64\Debug\C.lib
